<?xml version="1.0" encoding="UTF-8"?>
<!-- Generated by org.testng.reporters.JUnitXMLReporter -->
<testsuite hostname="DESKTOP-2BE1B3J" ignored="5" name="Test(failed)" tests="1" failures="1" timestamp="2021-01-22T22:01:48 IST" time="116.997" errors="0">
  <testcase name="VerifySearchLink" time="50.449" classname="Seleniumhq.FlipkartOrder">
    <failure type="org.openqa.selenium.NoSuchElementException" message="no such element: Unable to locate element: {&amp;quot;method&amp;quot;:&amp;quot;xpath&amp;quot;,&amp;quot;selector&amp;quot;:&amp;quot;//a[text()=&amp;apos;stuffed toy 3 feet red teddy bear / Big very soft Red t...&amp;apos;]&amp;quot;}
  (Session info: chrome=87.0.4280.141)
For documentation on this error, please visit: https://www.seleniumhq.org/exceptions/no_such_element.html
Build info: version: &amp;apos;3.141.59&amp;apos;, revision: &amp;apos;e82be7d358&amp;apos;, time: &amp;apos;2018-11-14T08:25:48&amp;apos;
System info: host: &amp;apos;DESKTOP-2BE1B3J&amp;apos;, ip: &amp;apos;192.168.43.101&amp;apos;, os.name: &amp;apos;Windows 10&amp;apos;, os.arch: &amp;apos;amd64&amp;apos;, os.version: &amp;apos;10.0&amp;apos;, java.version: &amp;apos;1.8.0_151&amp;apos;
Driver info: org.openqa.selenium.chrome.ChromeDriver
Capabilities {acceptInsecureCerts: false, browserName: chrome, browserVersion: 87.0.4280.141, chrome: {chromedriverVersion: 86.0.4240.22 (398b0743353ff..., userDataDir: C:\Users\Sangavi\AppData\Lo...}, goog:chromeOptions: {debuggerAddress: localhost:52034}, javascriptEnabled: true, networkConnectionEnabled: false, pageLoadStrategy: normal, platform: WINDOWS, platformName: WINDOWS, proxy: Proxy(), setWindowRect: true, strictFileInteractability: false, timeouts: {implicit: 0, pageLoad: 300000, script: 30000}, unhandledPromptBehavior: dismiss and notify, webauthn:virtualAuthenticators: true}
Session ID: 97f54cfabaa6b6042be79665aa2b9d55
*** Element info: {Using=xpath, value=//a[text()=&amp;apos;stuffed toy 3 feet red teddy bear / Big very soft Red t...&amp;apos;]}">
      <![CDATA[org.openqa.selenium.NoSuchElementException: no such element: Unable to locate element: {"method":"xpath","selector":"//a[text()='stuffed toy 3 feet red teddy bear / Big very soft Red t...']"}
  (Session info: chrome=87.0.4280.141)
For documentation on this error, please visit: https://www.seleniumhq.org/exceptions/no_such_element.html
Build info: version: '3.141.59', revision: 'e82be7d358', time: '2018-11-14T08:25:48'
System info: host: 'DESKTOP-2BE1B3J', ip: '192.168.43.101', os.name: 'Windows 10', os.arch: 'amd64', os.version: '10.0', java.version: '1.8.0_151'
Driver info: org.openqa.selenium.chrome.ChromeDriver
Capabilities {acceptInsecureCerts: false, browserName: chrome, browserVersion: 87.0.4280.141, chrome: {chromedriverVersion: 86.0.4240.22 (398b0743353ff..., userDataDir: C:\Users\Sangavi\AppData\Lo...}, goog:chromeOptions: {debuggerAddress: localhost:52034}, javascriptEnabled: true, networkConnectionEnabled: false, pageLoadStrategy: normal, platform: WINDOWS, platformName: WINDOWS, proxy: Proxy(), setWindowRect: true, strictFileInteractability: false, timeouts: {implicit: 0, pageLoad: 300000, script: 30000}, unhandledPromptBehavior: dismiss and notify, webauthn:virtualAuthenticators: true}
Session ID: 97f54cfabaa6b6042be79665aa2b9d55
*** Element info: {Using=xpath, value=//a[text()='stuffed toy 3 feet red teddy bear / Big very soft Red t...']}
at org.openqa.selenium.remote.http.W3CHttpResponseCodec.createException(W3CHttpResponseCodec.java:187)
at org.openqa.selenium.remote.http.W3CHttpResponseCodec.decode(W3CHttpResponseCodec.java:122)
at org.openqa.selenium.remote.http.W3CHttpResponseCodec.decode(W3CHttpResponseCodec.java:49)
at org.openqa.selenium.remote.HttpCommandExecutor.execute(HttpCommandExecutor.java:158)
at org.openqa.selenium.remote.service.DriverCommandExecutor.execute(DriverCommandExecutor.java:83)
at org.openqa.selenium.remote.RemoteWebDriver.execute(RemoteWebDriver.java:552)
at org.openqa.selenium.remote.RemoteWebDriver.findElement(RemoteWebDriver.java:323)
at org.openqa.selenium.remote.RemoteWebDriver.findElementByXPath(RemoteWebDriver.java:428)
at org.openqa.selenium.By$ByXPath.findElement(By.java:353)
at org.openqa.selenium.remote.RemoteWebDriver.findElement(RemoteWebDriver.java:315)
at Seleniumhq.FlipkartOrder.VerifySearchLink(FlipkartOrder.java:72)
at java.util.ArrayList.forEach(Unknown Source)
... Removed 31 stack frames]]>
    </failure>
  </testcase> <!-- VerifySearchLink -->
  <testcase name="VerifyPswd" time="0.0" classname="Seleniumhq.FlipkartOrder">
    <ignored/>
  </testcase> <!-- VerifyPswd -->
  <testcase name="VerifySearch" time="0.0" classname="Seleniumhq.FlipkartOrder">
    <ignored/>
  </testcase> <!-- VerifySearch -->
  <testcase name="VerifyLogin" time="0.0" classname="Seleniumhq.FlipkartOrder">
    <ignored/>
  </testcase> <!-- VerifyLogin -->
  <testcase name="VerifySearchClick" time="0.0" classname="Seleniumhq.FlipkartOrder">
    <ignored/>
  </testcase> <!-- VerifySearchClick -->
  <testcase name="VerifyMobile" time="0.0" classname="Seleniumhq.FlipkartOrder">
    <ignored/>
  </testcase> <!-- VerifyMobile -->
</testsuite> <!-- Test(failed) -->
